<?xml version="1.0" encoding="UTF-8"?>
<testng-results ignored="0" total="1" passed="1" failed="0" skipped="0">
  <reporter-output>
  </reporter-output>
  <suite started-at="2023-06-09T17:06:14 IST" name="Default suite" finished-at="2023-06-09T17:06:21 IST" duration-ms="7396">
    <groups>
    </groups>
    <test started-at="2023-06-09T17:06:14 IST" name="Default test" finished-at="2023-06-09T17:06:21 IST" duration-ms="7396">
      <class name="com.green_kart.Green_kart">
        <test-method is-config="true" signature="browser_launch()[pri:0, instance:com.green_kart.Green_kart@316bcf94]" started-at="2023-06-09T17:06:14 IST" name="browser_launch" finished-at="2023-06-09T17:06:17 IST" duration-ms="3484" status="PASS">
          <reporter-output>
          </reporter-output>
        </test-method> <!-- browser_launch -->
        <test-method signature="placeorder()[pri:0, instance:com.green_kart.Green_kart@316bcf94]" started-at="2023-06-09T17:06:17 IST" name="placeorder" finished-at="2023-06-09T17:06:21 IST" duration-ms="3369" status="PASS">
          <reporter-output>
          </reporter-output>
        </test-method> <!-- placeorder -->
        <test-method is-config="true" signature="Get_status(org.testng.ITestResult)[pri:0, instance:com.green_kart.Green_kart@316bcf94]" started-at="2023-06-09T17:06:21 IST" name="Get_status" finished-at="2023-06-09T17:06:21 IST" duration-ms="471" status="PASS">
          <params>
            <param index="0">
              <value>
                <![CDATA[[TestResult name=placeorder status=SUCCESS method=Green_kart.placeorder()[pri:0, instance:com.green_kart.Green_kart@316bcf94] output={null}]]]>
              </value>
            </param>
          </params>
          <reporter-output>
          </reporter-output>
        </test-method> <!-- Get_status -->
      </class> <!-- com.green_kart.Green_kart -->
    </test> <!-- Default test -->
  </suite> <!-- Default suite -->
</testng-results>
